  MainForm.cpp
c:\users\tamir\source\repos\chiefbook\chiefbook\storageform.h(188): warning C4566: character represented by universal-character-name '\u041A' cannot be represented in the current code page (1252)
c:\users\tamir\source\repos\chiefbook\chiefbook\storageform.h(188): warning C4566: character represented by universal-character-name '\u043E' cannot be represented in the current code page (1252)
c:\users\tamir\source\repos\chiefbook\chiefbook\storageform.h(188): warning C4566: character represented by universal-character-name '\u043B' cannot be represented in the current code page (1252)
c:\users\tamir\source\repos\chiefbook\chiefbook\storageform.h(188): warning C4566: character represented by universal-character-name '\u0438' cannot be represented in the current code page (1252)
c:\users\tamir\source\repos\chiefbook\chiefbook\storageform.h(188): warning C4566: character represented by universal-character-name '\u0447' cannot be represented in the current code page (1252)
c:\users\tamir\source\repos\chiefbook\chiefbook\storageform.h(188): warning C4566: character represented by universal-character-name '\u0435' cannot be represented in the current code page (1252)
c:\users\tamir\source\repos\chiefbook\chiefbook\storageform.h(188): warning C4566: character represented by universal-character-name '\u0441' cannot be represented in the current code page (1252)
c:\users\tamir\source\repos\chiefbook\chiefbook\storageform.h(188): warning C4566: character represented by universal-character-name '\u0442' cannot be represented in the current code page (1252)
c:\users\tamir\source\repos\chiefbook\chiefbook\storageform.h(188): warning C4566: character represented by universal-character-name '\u0432' cannot be represented in the current code page (1252)
c:\users\tamir\source\repos\chiefbook\chiefbook\storageform.h(189): warning C4566: character represented by universal-character-name '\u041F' cannot be represented in the current code page (1252)
c:\users\tamir\source\repos\chiefbook\chiefbook\storageform.h(189): warning C4566: character represented by universal-character-name '\u0440' cannot be represented in the current code page (1252)
c:\users\tamir\source\repos\chiefbook\chiefbook\storageform.h(189): warning C4566: character represented by universal-character-name '\u043E' cannot be represented in the current code page (1252)
c:\users\tamir\source\repos\chiefbook\chiefbook\storageform.h(189): warning C4566: character represented by universal-character-name '\u0434' cannot be represented in the current code page (1252)
c:\users\tamir\source\repos\chiefbook\chiefbook\storageform.h(189): warning C4566: character represented by universal-character-name '\u0443' cannot be represented in the current code page (1252)
c:\users\tamir\source\repos\chiefbook\chiefbook\storageform.h(189): warning C4566: character represented by universal-character-name '\u043A' cannot be represented in the current code page (1252)
c:\users\tamir\source\repos\chiefbook\chiefbook\storageform.h(189): warning C4566: character represented by universal-character-name '\u0442' cannot be represented in the current code page (1252)
  SplashScreen.cpp
c:\users\tamir\source\repos\chiefbook\chiefbook\storageform.h(188): warning C4566: character represented by universal-character-name '\u041A' cannot be represented in the current code page (1252)
c:\users\tamir\source\repos\chiefbook\chiefbook\storageform.h(188): warning C4566: character represented by universal-character-name '\u043E' cannot be represented in the current code page (1252)
c:\users\tamir\source\repos\chiefbook\chiefbook\storageform.h(188): warning C4566: character represented by universal-character-name '\u043B' cannot be represented in the current code page (1252)
c:\users\tamir\source\repos\chiefbook\chiefbook\storageform.h(188): warning C4566: character represented by universal-character-name '\u0438' cannot be represented in the current code page (1252)
c:\users\tamir\source\repos\chiefbook\chiefbook\storageform.h(188): warning C4566: character represented by universal-character-name '\u0447' cannot be represented in the current code page (1252)
c:\users\tamir\source\repos\chiefbook\chiefbook\storageform.h(188): warning C4566: character represented by universal-character-name '\u0435' cannot be represented in the current code page (1252)
c:\users\tamir\source\repos\chiefbook\chiefbook\storageform.h(188): warning C4566: character represented by universal-character-name '\u0441' cannot be represented in the current code page (1252)
c:\users\tamir\source\repos\chiefbook\chiefbook\storageform.h(188): warning C4566: character represented by universal-character-name '\u0442' cannot be represented in the current code page (1252)
c:\users\tamir\source\repos\chiefbook\chiefbook\storageform.h(188): warning C4566: character represented by universal-character-name '\u0432' cannot be represented in the current code page (1252)
c:\users\tamir\source\repos\chiefbook\chiefbook\storageform.h(189): warning C4566: character represented by universal-character-name '\u041F' cannot be represented in the current code page (1252)
c:\users\tamir\source\repos\chiefbook\chiefbook\storageform.h(189): warning C4566: character represented by universal-character-name '\u0440' cannot be represented in the current code page (1252)
c:\users\tamir\source\repos\chiefbook\chiefbook\storageform.h(189): warning C4566: character represented by universal-character-name '\u043E' cannot be represented in the current code page (1252)
c:\users\tamir\source\repos\chiefbook\chiefbook\storageform.h(189): warning C4566: character represented by universal-character-name '\u0434' cannot be represented in the current code page (1252)
c:\users\tamir\source\repos\chiefbook\chiefbook\storageform.h(189): warning C4566: character represented by universal-character-name '\u0443' cannot be represented in the current code page (1252)
c:\users\tamir\source\repos\chiefbook\chiefbook\storageform.h(189): warning C4566: character represented by universal-character-name '\u043A' cannot be represented in the current code page (1252)
c:\users\tamir\source\repos\chiefbook\chiefbook\storageform.h(189): warning C4566: character represented by universal-character-name '\u0442' cannot be represented in the current code page (1252)
  StorageForm.cpp
c:\users\tamir\source\repos\chiefbook\chiefbook\storageform.h(188): warning C4566: character represented by universal-character-name '\u041A' cannot be represented in the current code page (1252)
c:\users\tamir\source\repos\chiefbook\chiefbook\storageform.h(188): warning C4566: character represented by universal-character-name '\u043E' cannot be represented in the current code page (1252)
c:\users\tamir\source\repos\chiefbook\chiefbook\storageform.h(188): warning C4566: character represented by universal-character-name '\u043B' cannot be represented in the current code page (1252)
c:\users\tamir\source\repos\chiefbook\chiefbook\storageform.h(188): warning C4566: character represented by universal-character-name '\u0438' cannot be represented in the current code page (1252)
c:\users\tamir\source\repos\chiefbook\chiefbook\storageform.h(188): warning C4566: character represented by universal-character-name '\u0447' cannot be represented in the current code page (1252)
c:\users\tamir\source\repos\chiefbook\chiefbook\storageform.h(188): warning C4566: character represented by universal-character-name '\u0435' cannot be represented in the current code page (1252)
c:\users\tamir\source\repos\chiefbook\chiefbook\storageform.h(188): warning C4566: character represented by universal-character-name '\u0441' cannot be represented in the current code page (1252)
c:\users\tamir\source\repos\chiefbook\chiefbook\storageform.h(188): warning C4566: character represented by universal-character-name '\u0442' cannot be represented in the current code page (1252)
c:\users\tamir\source\repos\chiefbook\chiefbook\storageform.h(188): warning C4566: character represented by universal-character-name '\u0432' cannot be represented in the current code page (1252)
c:\users\tamir\source\repos\chiefbook\chiefbook\storageform.h(189): warning C4566: character represented by universal-character-name '\u041F' cannot be represented in the current code page (1252)
c:\users\tamir\source\repos\chiefbook\chiefbook\storageform.h(189): warning C4566: character represented by universal-character-name '\u0440' cannot be represented in the current code page (1252)
c:\users\tamir\source\repos\chiefbook\chiefbook\storageform.h(189): warning C4566: character represented by universal-character-name '\u043E' cannot be represented in the current code page (1252)
c:\users\tamir\source\repos\chiefbook\chiefbook\storageform.h(189): warning C4566: character represented by universal-character-name '\u0434' cannot be represented in the current code page (1252)
c:\users\tamir\source\repos\chiefbook\chiefbook\storageform.h(189): warning C4566: character represented by universal-character-name '\u0443' cannot be represented in the current code page (1252)
c:\users\tamir\source\repos\chiefbook\chiefbook\storageform.h(189): warning C4566: character represented by universal-character-name '\u043A' cannot be represented in the current code page (1252)
c:\users\tamir\source\repos\chiefbook\chiefbook\storageform.h(189): warning C4566: character represented by universal-character-name '\u0442' cannot be represented in the current code page (1252)
  Generating Code...
  DailyRation.obj : MSIL module encountered; incremental linking is disabled for MSIL; performing full link
  ChiefBook.vcxproj -> C:\Users\tamir\source\repos\ChiefBook\Debug\ChiefBook.exe
